mode: set
4crypto/delivery/server.go:27.26,29.16 2 1
4crypto/delivery/server.go:29.16,31.3 1 0
4crypto/delivery/server.go:33.2,34.16 2 1
4crypto/delivery/server.go:34.16,36.3 1 0
4crypto/delivery/server.go:38.2,39.16 2 1
4crypto/delivery/server.go:39.16,41.3 1 0
4crypto/delivery/server.go:43.2,56.3 6 1
4crypto/delivery/server.go:59.37,65.2 5 1
4crypto/delivery/server.go:67.24,69.45 2 0
4crypto/delivery/server.go:69.45,71.3 1 0
4crypto/repository/crypto_repo.go:15.55,17.2 1 0
4crypto/repository/user_repo.go:25.51,27.2 1 1
4crypto/repository/user_repo.go:29.57,46.16 5 1
4crypto/repository/user_repo.go:46.16,48.3 1 1
4crypto/repository/user_repo.go:50.2,50.12 1 0
4crypto/repository/user_repo.go:54.66,67.16 4 1
4crypto/repository/user_repo.go:67.16,69.3 1 1
4crypto/repository/user_repo.go:71.2,71.18 1 1
4crypto/repository/user_repo.go:74.78,78.16 3 1
4crypto/repository/user_repo.go:78.16,80.3 1 1
4crypto/repository/user_repo.go:82.2,82.18 1 1
4crypto/repository/user_repo.go:85.54,88.16 3 1
4crypto/repository/user_repo.go:88.16,90.3 1 1
4crypto/repository/user_repo.go:92.2,92.12 1 1
4crypto/repository/user_repo.go:95.79,109.16 3 1
4crypto/repository/user_repo.go:109.16,111.3 1 1
4crypto/repository/user_repo.go:113.2,113.12 1 1
4crypto/usecase/auth_usecase.go:23.86,25.16 2 1
4crypto/usecase/auth_usecase.go:25.16,27.3 1 1
4crypto/usecase/auth_usecase.go:29.2,30.16 2 1
4crypto/usecase/auth_usecase.go:30.16,32.3 1 1
4crypto/usecase/auth_usecase.go:34.2,34.19 1 1
4crypto/usecase/auth_usecase.go:37.75,39.2 1 1
4crypto/usecase/crypto_usecase.go:32.77,34.2 1 0
4crypto/usecase/crypto_usecase.go:36.70,38.16 2 0
4crypto/usecase/crypto_usecase.go:38.16,40.3 1 0
4crypto/usecase/crypto_usecase.go:41.2,51.16 6 0
4crypto/usecase/crypto_usecase.go:51.16,53.3 1 0
4crypto/usecase/crypto_usecase.go:56.2,57.16 2 0
4crypto/usecase/crypto_usecase.go:57.16,60.3 1 0
4crypto/usecase/crypto_usecase.go:62.2,62.49 1 0
4crypto/usecase/crypto_usecase.go:62.49,64.3 1 0
4crypto/usecase/crypto_usecase.go:67.2,67.39 1 0
4crypto/usecase/crypto_usecase.go:70.85,79.34 2 0
4crypto/usecase/crypto_usecase.go:79.34,80.38 1 0
4crypto/usecase/crypto_usecase.go:80.38,90.4 2 0
4crypto/usecase/crypto_usecase.go:93.2,93.34 1 0
4crypto/usecase/crypto_usecase.go:93.34,94.38 1 0
4crypto/usecase/crypto_usecase.go:94.38,104.4 2 0
4crypto/usecase/crypto_usecase.go:107.2,107.22 1 0
4crypto/usecase/crypto_usecase.go:110.108,115.2 2 0
4crypto/usecase/crypto_usecase.go:117.140,122.42 3 0
4crypto/usecase/crypto_usecase.go:122.42,125.17 2 0
4crypto/usecase/crypto_usecase.go:125.17,127.4 1 0
4crypto/usecase/crypto_usecase.go:127.9,129.4 1 0
4crypto/usecase/crypto_usecase.go:131.3,135.4 1 0
4crypto/usecase/crypto_usecase.go:138.2,138.31 1 0
4crypto/usecase/crypto_usecase.go:142.132,144.32 1 0
4crypto/usecase/crypto_usecase.go:144.32,147.10 2 0
4crypto/usecase/crypto_usecase.go:147.10,149.4 1 0
4crypto/usecase/crypto_usecase.go:153.3,155.10 2 0
4crypto/usecase/crypto_usecase.go:155.10,157.4 1 0
4crypto/usecase/crypto_usecase.go:159.3,163.70 3 0
4crypto/usecase/crypto_usecase.go:167.2,167.12 1 0
4crypto/usecase/sign_up_usecase.go:18.73,20.2 1 1
4crypto/usecase/sign_up_usecase.go:22.60,25.16 2 1
4crypto/usecase/sign_up_usecase.go:25.16,27.3 1 1
4crypto/usecase/sign_up_usecase.go:35.2,36.16 2 1
4crypto/usecase/sign_up_usecase.go:36.16,38.3 1 1
4crypto/usecase/sign_up_usecase.go:40.2,40.12 1 1
4crypto/usecase/user_usecase.go:23.69,25.2 1 1
4crypto/usecase/user_usecase.go:27.60,29.16 2 1
4crypto/usecase/user_usecase.go:29.16,31.3 1 1
4crypto/usecase/user_usecase.go:32.2,32.12 1 1
4crypto/usecase/user_usecase.go:35.64,37.16 2 1
4crypto/usecase/user_usecase.go:37.16,39.3 1 1
4crypto/usecase/user_usecase.go:40.2,40.18 1 1
4crypto/usecase/user_usecase.go:43.101,45.16 2 1
4crypto/usecase/user_usecase.go:45.16,47.3 1 1
4crypto/usecase/user_usecase.go:50.2,50.31 1 1
4crypto/usecase/user_usecase.go:50.31,52.3 1 1
4crypto/usecase/user_usecase.go:55.2,56.18 2 1
4crypto/usecase/user_usecase.go:59.51,61.16 2 1
4crypto/usecase/user_usecase.go:61.16,63.3 1 1
4crypto/usecase/user_usecase.go:64.2,64.12 1 1
4crypto/usecase/user_usecase.go:67.72,70.16 2 1
4crypto/usecase/user_usecase.go:70.16,72.3 1 1
4crypto/usecase/user_usecase.go:75.2,80.16 4 1
4crypto/usecase/user_usecase.go:80.16,82.3 1 1
4crypto/usecase/user_usecase.go:83.2,83.12 1 1
4crypto/delivery/controller/auth_controller.go:21.113,23.2 1 1
4crypto/delivery/controller/auth_controller.go:25.34,29.2 3 1
4crypto/delivery/controller/auth_controller.go:31.57,33.53 2 1
4crypto/delivery/controller/auth_controller.go:33.53,36.3 2 1
4crypto/delivery/controller/auth_controller.go:38.2,39.16 2 1
4crypto/delivery/controller/auth_controller.go:39.16,42.3 2 1
4crypto/delivery/controller/auth_controller.go:44.2,44.68 1 1
4crypto/delivery/controller/auth_controller.go:47.64,50.16 3 1
4crypto/delivery/controller/auth_controller.go:50.16,53.3 2 1
4crypto/delivery/controller/auth_controller.go:55.2,55.83 1 1
4crypto/delivery/controller/crypto_controller.go:25.117,35.2 3 0
4crypto/delivery/controller/crypto_controller.go:37.36,44.2 5 0
4crypto/delivery/controller/crypto_controller.go:46.60,55.16 6 0
4crypto/delivery/controller/crypto_controller.go:55.16,57.3 1 0
4crypto/delivery/controller/crypto_controller.go:59.2,61.16 2 0
4crypto/delivery/controller/crypto_controller.go:61.16,63.3 1 0
4crypto/delivery/controller/crypto_controller.go:65.2,76.9 9 0
4crypto/delivery/controller/crypto_controller.go:76.9,79.3 2 0
4crypto/delivery/controller/crypto_controller.go:81.2,83.40 2 0
4crypto/delivery/controller/crypto_controller.go:86.60,90.16 2 0
4crypto/delivery/controller/crypto_controller.go:90.16,92.3 1 0
4crypto/delivery/controller/crypto_controller.go:94.2,94.65 1 0
4crypto/delivery/controller/crypto_controller.go:97.63,101.52 2 0
4crypto/delivery/controller/crypto_controller.go:101.52,106.3 2 0
4crypto/delivery/controller/crypto_controller.go:108.2,113.52 3 0
4crypto/delivery/controller/crypto_controller.go:113.52,115.105 1 0
4crypto/delivery/controller/crypto_controller.go:115.105,120.4 2 0
4crypto/delivery/controller/crypto_controller.go:122.3,125.9 2 0
4crypto/delivery/controller/crypto_controller.go:128.2,128.53 1 0
4crypto/delivery/controller/crypto_controller.go:128.53,132.75 2 0
4crypto/delivery/controller/crypto_controller.go:132.75,137.4 2 0
4crypto/delivery/controller/crypto_controller.go:139.3,142.9 2 0
4crypto/delivery/controller/crypto_controller.go:146.2,146.32 1 0
4crypto/delivery/controller/crypto_controller.go:150.57,154.16 2 0
4crypto/delivery/controller/crypto_controller.go:154.16,157.3 2 0
4crypto/delivery/controller/crypto_controller.go:159.2,164.64 4 0
4crypto/delivery/controller/user_controller.go:19.94,24.2 1 1
4crypto/delivery/controller/user_controller.go:26.34,32.2 5 1
4crypto/delivery/controller/user_controller.go:34.53,41.16 4 1
4crypto/delivery/controller/user_controller.go:41.16,44.3 2 1
4crypto/delivery/controller/user_controller.go:46.2,51.30 5 1
4crypto/delivery/controller/user_controller.go:54.57,64.16 5 1
4crypto/delivery/controller/user_controller.go:64.16,67.3 2 0
4crypto/delivery/controller/user_controller.go:69.2,73.25 4 0
4crypto/delivery/controller/user_controller.go:76.60,80.16 4 1
4crypto/delivery/controller/user_controller.go:80.16,83.3 2 1
4crypto/delivery/controller/user_controller.go:84.2,84.27 1 1
4crypto/delivery/controller/user_controller.go:87.60,91.51 3 1
4crypto/delivery/controller/user_controller.go:91.51,94.3 2 1
4crypto/delivery/controller/user_controller.go:96.2,97.16 2 1
4crypto/delivery/controller/user_controller.go:97.16,100.3 2 1
4crypto/delivery/controller/user_controller.go:102.2,102.34 1 1
